<?xml version="1.0" encoding="UTF-8"?>
<!-- Generated by org.testng.reporters.JUnitXMLReporter -->
<testsuite hostname="Drivezys-MacBook-Pro-3.local" ignored="0" name="Default test" tests="4" failures="0" timestamp="04 Jul 2020 16:40:27 GMT" time="8.42" errors="0">
  <testcase name="testCaseOfWrongEmailPAssword" time="1.179" classname="com.flipkart.loginTest.TestCaseLoginWithEmail"/>
  <testcase name="testCaseCloseLoginForm" time="0.166" classname="com.flipkart.loginTest.TestCaseLoginWithEmail"/>
  <testcase name="testCaseOpenLoginForm" time="0.146" classname="com.flipkart.loginTest.TestCaseLoginWithEmail"/>
  <testcase name="testCaseOfLoginWithEmail" time="1.487" classname="com.flipkart.loginTest.TestCaseLoginWithEmail"/>
</testsuite> <!-- Default test -->
