<?xml version="1.0" encoding="UTF-8"?>
<testng-results skipped="0" failed="0" ignored="0" total="1" passed="1">
  <reporter-output>
  </reporter-output>
  <suite name="Default suite" duration-ms="7892" started-at="2020-07-03T17:03:44Z" finished-at="2020-07-03T17:03:52Z">
    <groups>
    </groups>
    <test name="Default test" duration-ms="7892" started-at="2020-07-03T17:03:44Z" finished-at="2020-07-03T17:03:52Z">
      <class name="com.flipkart.itemsTypeTestCases.TestingItemType">
        <test-method status="PASS" signature="setUp()[pri:0, instance:com.flipkart.itemsTypeTestCases.TestingItemType@6a4f787b]" name="setUp" is-config="true" duration-ms="4582" started-at="2020-07-03T22:33:44Z" finished-at="2020-07-03T22:33:48Z">
          <reporter-output>
          </reporter-output>
        </test-method> <!-- setUp -->
        <test-method status="PASS" signature="test()[pri:0, instance:com.flipkart.itemsTypeTestCases.TestingItemType@6a4f787b]" name="test" duration-ms="3278" started-at="2020-07-03T22:33:48Z" finished-at="2020-07-03T22:33:52Z">
          <reporter-output>
          </reporter-output>
        </test-method> <!-- test -->
      </class> <!-- com.flipkart.itemsTypeTestCases.TestingItemType -->
    </test> <!-- Default test -->
  </suite> <!-- Default suite -->
</testng-results>
