<?xml version="1.0" encoding="UTF-8"?>
<testng-results skipped="0" failed="0" ignored="0" total="1" passed="1">
  <reporter-output>
  </reporter-output>
  <suite name="Default suite" duration-ms="9830" started-at="2020-07-07T14:02:49Z" finished-at="2020-07-07T14:02:59Z">
    <groups>
    </groups>
    <test name="Default test" duration-ms="9830" started-at="2020-07-07T14:02:49Z" finished-at="2020-07-07T14:02:59Z">
      <class name="com.flipkart.productTypesTestCase.ProductTypeTestCase">
        <test-method status="PASS" signature="setUp()[pri:0, instance:com.flipkart.productTypesTestCase.ProductTypeTestCase@6a4f787b]" name="setUp" is-config="true" duration-ms="4513" started-at="2020-07-07T19:32:49Z" finished-at="2020-07-07T19:32:54Z">
          <reporter-output>
          </reporter-output>
        </test-method> <!-- setUp -->
        <test-method status="PASS" signature="testCaseProductType()[pri:0, instance:com.flipkart.productTypesTestCase.ProductTypeTestCase@6a4f787b]" name="testCaseProductType" duration-ms="5293" started-at="2020-07-07T19:32:54Z" finished-at="2020-07-07T19:32:59Z">
          <reporter-output>
          </reporter-output>
        </test-method> <!-- testCaseProductType -->
      </class> <!-- com.flipkart.productTypesTestCase.ProductTypeTestCase -->
    </test> <!-- Default test -->
  </suite> <!-- Default suite -->
</testng-results>
