<?xml version="1.0" encoding="UTF-8"?>
<!-- Generated by org.testng.reporters.JUnitXMLReporter -->
<testsuite hostname="Drivezys-MacBook-Pro-3.local" ignored="0" name="Test case of Bike Filter" tests="4" failures="0" timestamp="03 Jul 2020 14:06:28 GMT" time="8.613" errors="0">
  <testcase name="testCaseOfWrongEmailPAssword" time="1.337" classname="com.flipkart.loginTest.TestCaseLoginWithEmail"/>
  <testcase name="testCaseCloseLoginForm" time="0.127" classname="com.flipkart.loginTest.TestCaseLoginWithEmail"/>
  <testcase name="testCaseOpenLoginForm" time="0.137" classname="com.flipkart.loginTest.TestCaseLoginWithEmail"/>
  <testcase name="testCaseOfLoginWithEmail" time="1.545" classname="com.flipkart.loginTest.TestCaseLoginWithEmail"/>
</testsuite> <!-- Test case of Bike Filter -->
